<?xml version="1.0" encoding="UTF-8"?>
<!-- Generated by org.testng.reporters.JUnitReportReporter -->
<testsuite hostname="DESKTOP-FUGQNF4" failures="0" tests="1" name="youtube.Counts" time="0.473" errors="0" timestamp="2023-06-18T15:01:58 IST" skipped="0">
  <testcase classname="youtube.Counts" name="LikeCount" time="0.473"/>
  <system-out/>
</testsuite> <!-- youtube.Counts -->
